<?xml version="1.0" encoding="UTF-8"?>
<!-- Generated by org.testng.reporters.JUnitXMLReporter -->
<testsuite hostname="WFMAC22.local" ignored="1" name="Default test" tests="2" failures="0" timestamp="18 Jun 2018 15:52:10 GMT" time="7.092" errors="0">
  <testcase name="initialization" time="3.08" classname="rightmove.PageTests"/>
  <testcase name="homePageTest" time="3.974" classname="rightmove.PageTests"/>
  <testcase name="tearDown" time="0.0" classname="rightmove.PageTests">
    <ignored/>
  </testcase> <!-- tearDown -->
</testsuite> <!-- Default test -->
