<?xml version="1.0" encoding="UTF-8"?>
<!-- Generated by org.testng.reporters.JUnitXMLReporter -->
<testsuite hostname="Olasunkanmis-MacBook-Pro.local" ignored="0" name="Default test" tests="3" failures="0" timestamp="13 Jul 2018 01:19:42 GMT" time="12.242" errors="0">
  <testcase name="initialization" time="4.685" classname="readingFiles.ReadPropFile"/>
  <testcase name="loginTest" time="7.347" classname="readingFiles.ReadPropFile"/>
  <testcase name="tearDown" time="0.149" classname="readingFiles.ReadPropFile"/>
</testsuite> <!-- Default test -->
