<?xml version="1.0" encoding="UTF-8"?>
<testng-results skipped="0" failed="0" ignored="0" total="1" passed="1">
  <reporter-output>
  </reporter-output>
  <suite name="Default suite" duration-ms="18191" started-at="2018-05-30T15:06:09Z" finished-at="2018-05-30T15:06:27Z">
    <groups>
    </groups>
    <test name="Default test" duration-ms="18191" started-at="2018-05-30T15:06:09Z" finished-at="2018-05-30T15:06:27Z">
      <class name="readingFiles.ReadPropFile">
        <test-method status="PASS" signature="setUp()[pri:0, instance:readingFiles.ReadPropFile@7cd62f43]" name="setUp" is-config="true" duration-ms="8" started-at="2018-05-30T15:06:09Z" finished-at="2018-05-30T15:06:09Z">
          <reporter-output>
          </reporter-output>
        </test-method> <!-- setUp -->
        <test-method status="PASS" signature="initialization()[pri:0, instance:readingFiles.ReadPropFile@7cd62f43]" name="initialization" duration-ms="18128" started-at="2018-05-30T15:06:09Z" finished-at="2018-05-30T15:06:27Z">
          <reporter-output>
          </reporter-output>
        </test-method> <!-- initialization -->
      </class> <!-- readingFiles.ReadPropFile -->
    </test> <!-- Default test -->
  </suite> <!-- Default suite -->
</testng-results>
